[2022-03-31 12:16:14] [info] Start Program:
Path:"W56_build.exe"
Arguments:
Working directory: not set.
Modules: Selected: * Excluded: 
Sources: Selected: * Excluded: 
Log Level: Normal
Cover Children: 0
Aggregate by file: 1
Continue after C++ exception: 0
Optimized build support: 0
Export: html 
Input coverage: 
Unified diff: 
Excluded line regular expressions: 
Substitute pdb source paths: 
[2022-03-31 12:16:14] [info] Module: C:\TeSe\Inf\2k22\W56_build\bin\Debug\W56_build.exe is selected because it matches selected pattern: *
[2022-03-31 12:16:14] [info] Module: C:\Windows\System32\ntdll.dll is selected because it matches selected pattern: *
[2022-03-31 12:16:14] [info] Module: C:\Windows\System32\kernel32.dll is selected because it matches selected pattern: *
[2022-03-31 12:16:14] [info] Module: C:\Windows\System32\KernelBase.dll is selected because it matches selected pattern: *
[2022-03-31 12:16:14] [info] Module: C:\Windows\System32\msvcrt.dll is selected because it matches selected pattern: *
[2022-03-31 12:16:14] [info] Module: C:\Windows\System32\shell32.dll is selected because it matches selected pattern: *
[2022-03-31 12:16:14] [info] Module: C:\Windows\System32\msvcp_win.dll is selected because it matches selected pattern: *
[2022-03-31 12:16:14] [info] Module: C:\Windows\System32\ucrtbase.dll is selected because it matches selected pattern: *
[2022-03-31 12:16:14] [info] Module: C:\Windows\System32\user32.dll is selected because it matches selected pattern: *
[2022-03-31 12:16:14] [info] Module: C:\Windows\System32\win32u.dll is selected because it matches selected pattern: *
[2022-03-31 12:16:14] [info] Module: C:\Windows\System32\gdi32.dll is selected because it matches selected pattern: *
[2022-03-31 12:16:14] [info] Module: C:\Windows\System32\gdi32full.dll is selected because it matches selected pattern: *
[2022-03-31 12:16:19] [info] ----------------------------------------------------
[2022-03-31 12:16:19] [info] Coverage generated in Folder C:\TeSe\Inf\2k22\W56_build\bin\Debug\CoverageReport-2022-03-31-12h16m19s
[2022-03-31 12:16:19] [info] ----------------------------------------------------
[2022-03-31 12:16:19] [info] The code coverage report is not what you expect? See the FAQ https://github.com/OpenCppCoverage/OpenCppCoverage/wiki/FAQ.
[2022-03-31 12:16:19] [error] Your program stop with error code: -1073741515
[2022-03-31 12:16:19] [warning] No modules were selected. Please check the values of --modules and --excluded_modules.
You can try to remove all --modules and --excluded_modules and use --modules=C:\TeSe\Inf\2k22\W56_build\bin\Debug instead.
For additional help, see https://github.com/OpenCppCoverage/OpenCppCoverage/wiki/FAQ#coverage-report-is-empty.
